<?xml version="1.0" encoding="UTF-8"?>
<testng-results ignored="0" total="1" passed="1" failed="0" skipped="0">
  <reporter-output>
  </reporter-output>
  <suite started-at="2024-03-05T17:55:57 IST" name="Default suite" finished-at="2024-03-05T17:56:07 IST" duration-ms="9579">
    <groups>
    </groups>
    <test started-at="2024-03-05T17:55:57 IST" name="Default test" finished-at="2024-03-05T17:56:07 IST" duration-ms="9579">
      <class name="commonFunctions.CommonFunctions">
        <test-method signature="launchBrowser()[pri:0, instance:commonFunctions.CommonFunctions@180e6ac4]" started-at="2024-03-05T17:55:57 IST" name="launchBrowser" finished-at="2024-03-05T17:56:07 IST" duration-ms="9459" status="PASS">
          <reporter-output>
          </reporter-output>
        </test-method> <!-- launchBrowser -->
      </class> <!-- commonFunctions.CommonFunctions -->
    </test> <!-- Default test -->
  </suite> <!-- Default suite -->
</testng-results>
